[2023-12-02 18:00:35,000]-[main] INFO  [Koin] - Koin started with 4 definitions in 1.144946 ms
[2023-12-02 18:00:35,004]-[main] INFO  Application - Application started in 0.696 seconds.
[2023-12-02 18:00:35,238]-[main] INFO  Application - Responding at http://0.0.0.0:8080
[2023-12-02 18:01:05,346]-[eventLoopGroupProxy-4-1] INFO  [Koin] - | Scope 'q:'org.koin.ktor.plugin.RequestScope'' not defined. Creating it ...
[2023-12-02 18:02:07,401]-[eventLoopGroupProxy-3-2] INFO  Application - Changes in application detected.
[2023-12-02 18:02:07,699]-[eventLoopGroupProxy-3-2] INFO  [Koin] - Koin started with 4 definitions in 0.075612 ms
[2023-12-02 18:02:07,699]-[eventLoopGroupProxy-3-2] INFO  Application - Application auto-reloaded in 0.038 seconds.
[2023-12-02 18:02:07,700]-[eventLoopGroupProxy-4-2] INFO  [Koin] - | Scope 'q:'org.koin.ktor.plugin.RequestScope'' not defined. Creating it ...
[2023-12-02 18:10:06,100]-[main] INFO  [Koin] - Koin started with 4 definitions in 1.301992 ms
[2023-12-02 18:10:06,110]-[main] INFO  Application - Application started in 0.698 seconds.
[2023-12-02 18:10:06,462]-[main] INFO  Application - Responding at http://0.0.0.0:8080
[2023-12-02 18:10:11,794]-[eventLoopGroupProxy-4-1] INFO  [Koin] - | Scope 'q:'org.koin.ktor.plugin.RequestScope'' not defined. Creating it ...
[2023-12-02 18:18:52,412]-[main] INFO  [Koin] - Koin started with 4 definitions in 0.784157 ms
[2023-12-02 18:18:52,419]-[main] INFO  Application - Application started in 0.8 seconds.
[2023-12-02 18:18:52,691]-[main] INFO  Application - Responding at http://0.0.0.0:8080
[2023-12-02 18:19:00,786]-[eventLoopGroupProxy-4-1] INFO  [Koin] - | Scope 'q:'org.koin.ktor.plugin.RequestScope'' not defined. Creating it ...
[2023-12-02 18:19:53,303]-[main] INFO  [Koin] - Koin started with 4 definitions in 0.634173 ms
[2023-12-02 18:19:53,309]-[main] INFO  Application - Application started in 0.575 seconds.
[2023-12-02 18:19:53,500]-[main] INFO  Application - Responding at http://0.0.0.0:8080
[2023-12-02 18:20:01,144]-[eventLoopGroupProxy-4-1] INFO  [Koin] - | Scope 'q:'org.koin.ktor.plugin.RequestScope'' not defined. Creating it ...
[2023-12-02 18:20:26,523]-[main] INFO  [Koin] - Koin started with 4 definitions in 0.642559 ms
[2023-12-02 18:20:26,526]-[main] INFO  Application - Application started in 0.694 seconds.
[2023-12-02 18:20:26,715]-[main] INFO  Application - Responding at http://0.0.0.0:8080
[2023-12-02 18:20:33,070]-[eventLoopGroupProxy-4-1] INFO  [Koin] - | Scope 'q:'org.koin.ktor.plugin.RequestScope'' not defined. Creating it ...
[2023-12-02 18:26:43,086]-[main] INFO  [Koin] - Koin started with 4 definitions in 0.859399 ms
[2023-12-02 18:26:43,093]-[main] INFO  Application - Application started in 1.028 seconds.
[2023-12-02 18:26:43,565]-[main] INFO  Application - Responding at http://0.0.0.0:8080
[2023-12-02 18:26:52,391]-[eventLoopGroupProxy-4-1] INFO  [Koin] - | Scope 'q:'org.koin.ktor.plugin.RequestScope'' not defined. Creating it ...
[2023-12-02 18:31:13,759]-[main] INFO  [Koin] - Koin started with 4 definitions in 0.614025 ms
[2023-12-02 18:31:13,765]-[main] INFO  Application - Application started in 0.587 seconds.
[2023-12-02 18:31:14,102]-[main] INFO  Application - Responding at http://0.0.0.0:8080
[2023-12-02 18:31:21,233]-[eventLoopGroupProxy-4-1] INFO  [Koin] - | Scope 'q:'org.koin.ktor.plugin.RequestScope'' not defined. Creating it ...
[2023-12-02 18:41:16,710]-[main] INFO  [Koin] - Koin started with 4 definitions in 0.721595 ms
[2023-12-02 18:41:16,714]-[main] INFO  Application - Application started in 0.746 seconds.
[2023-12-02 18:41:17,023]-[main] INFO  Application - Responding at http://0.0.0.0:8080
[2023-12-02 18:41:23,844]-[eventLoopGroupProxy-4-1] INFO  [Koin] - | Scope 'q:'org.koin.ktor.plugin.RequestScope'' not defined. Creating it ...
[2023-12-02 18:42:05,681]-[eventLoopGroupProxy-3-2] INFO  Application - Changes in application detected.
[2023-12-02 18:42:05,981]-[eventLoopGroupProxy-3-2] INFO  [Koin] - Koin started with 4 definitions in 0.059312 ms
[2023-12-02 18:42:05,981]-[eventLoopGroupProxy-3-2] INFO  Application - Application auto-reloaded in 0.042 seconds.
[2023-12-02 18:42:05,982]-[eventLoopGroupProxy-4-2] INFO  [Koin] - | Scope 'q:'org.koin.ktor.plugin.RequestScope'' not defined. Creating it ...
[2023-12-02 18:43:39,296]-[eventLoopGroupProxy-3-3] INFO  Application - Changes in application detected.
[2023-12-02 18:43:39,617]-[eventLoopGroupProxy-3-3] INFO  [Koin] - Koin started with 4 definitions in 0.071889 ms
[2023-12-02 18:43:39,617]-[eventLoopGroupProxy-3-3] INFO  Application - Application auto-reloaded in 0.044 seconds.
[2023-12-02 18:43:39,619]-[eventLoopGroupProxy-4-3] INFO  [Koin] - | Scope 'q:'org.koin.ktor.plugin.RequestScope'' not defined. Creating it ...
[2023-12-02 18:44:18,926]-[eventLoopGroupProxy-3-4] INFO  Application - Changes in application detected.
[2023-12-02 18:44:19,226]-[eventLoopGroupProxy-3-4] INFO  [Koin] - Koin started with 4 definitions in 0.060901 ms
[2023-12-02 18:44:19,226]-[eventLoopGroupProxy-3-4] INFO  Application - Application auto-reloaded in 0.043 seconds.
[2023-12-02 18:44:19,227]-[eventLoopGroupProxy-4-4] INFO  [Koin] - | Scope 'q:'org.koin.ktor.plugin.RequestScope'' not defined. Creating it ...
[2023-12-02 19:01:09,266]-[eventLoopGroupProxy-3-6] INFO  Application - Changes in application detected.
[2023-12-02 19:01:09,887]-[eventLoopGroupProxy-3-6] INFO  [Koin] - Koin started with 4 definitions in 0.174186 ms
[2023-12-02 19:01:09,890]-[eventLoopGroupProxy-3-6] INFO  Application - Application auto-reloaded in 0.195 seconds.
[2023-12-02 19:01:09,893]-[eventLoopGroupProxy-4-6] INFO  [Koin] - | Scope 'q:'org.koin.ktor.plugin.RequestScope'' not defined. Creating it ...
[2023-12-02 19:01:43,980]-[eventLoopGroupProxy-4-7] ERROR io.kvision.remote.KVServiceManager - For input string: "nullnull"
java.lang.NumberFormatException: For input string: "nullnull"
	at java.base/java.lang.NumberFormatException.forInputString(NumberFormatException.java:67)
	at java.base/java.lang.Integer.parseInt(Integer.java:668)
	at java.base/java.lang.Integer.parseInt(Integer.java:786)
	at com.riley.project.Day1.part1(Day1.kt:21)
	at com.riley.project.IDay$DefaultImpls.solve(IDay.kt:10)
	at com.riley.project.Day1.solve(Day1.kt:3)
	at com.riley.project.SolutionService.solve(Service.kt:11)
	at com.riley.project.SolutionServiceManager$1.invoke(SolutionService.kt:15)
	at com.riley.project.SolutionServiceManager$1.invoke(SolutionService.kt:15)
	at com.riley.project.SolutionServiceManager$special$$inlined$bind$1.invokeSuspend(KVServiceBinder.kt:113)
	at com.riley.project.SolutionServiceManager$special$$inlined$bind$1.invoke(KVServiceBinder.kt)
	at com.riley.project.SolutionServiceManager$special$$inlined$bind$1.invoke(KVServiceBinder.kt)
	at io.kvision.remote.KVServiceManager$createRequestHandler$1.invokeSuspend(KVServiceManager.kt:77)
	at io.kvision.remote.KVServiceManager$createRequestHandler$1.invoke(KVServiceManager.kt)
	at io.kvision.remote.KVServiceManager$createRequestHandler$1.invoke(KVServiceManager.kt)
	at io.ktor.server.routing.Route$buildPipeline$1$1.invokeSuspend(Route.kt:116)
	at io.ktor.server.routing.Route$buildPipeline$1$1.invoke(Route.kt)
	at io.ktor.server.routing.Route$buildPipeline$1$1.invoke(Route.kt)
	at io.ktor.util.pipeline.DebugPipelineContext.proceedLoop(DebugPipelineContext.kt:80)
	at io.ktor.util.pipeline.DebugPipelineContext.proceed(DebugPipelineContext.kt:57)
	at io.ktor.util.pipeline.DebugPipelineContext.execute$ktor_utils(DebugPipelineContext.kt:63)
	at io.ktor.util.pipeline.Pipeline.execute(Pipeline.kt:77)
	at io.ktor.server.routing.Routing$executeResult$$inlined$execute$1.invokeSuspend(Pipeline.kt:478)
	at io.ktor.server.routing.Routing$executeResult$$inlined$execute$1.invoke(Pipeline.kt)
	at io.ktor.server.routing.Routing$executeResult$$inlined$execute$1.invoke(Pipeline.kt)
	at io.ktor.util.debug.ContextUtilsKt.initContextInDebugMode(ContextUtils.kt:17)
	at io.ktor.server.routing.Routing.executeResult(Routing.kt:190)
	at io.ktor.server.routing.Routing.interceptor(Routing.kt:64)
	at io.ktor.server.routing.Routing$Plugin$install$1.invokeSuspend(Routing.kt:140)
	at io.ktor.server.routing.Routing$Plugin$install$1.invoke(Routing.kt)
	at io.ktor.server.routing.Routing$Plugin$install$1.invoke(Routing.kt)
	at io.ktor.util.pipeline.DebugPipelineContext.proceedLoop(DebugPipelineContext.kt:80)
	at io.ktor.util.pipeline.DebugPipelineContext.proceed(DebugPipelineContext.kt:57)
	at io.ktor.server.engine.BaseApplicationEngineKt$installDefaultTransformationChecker$1.invokeSuspend(BaseApplicationEngine.kt:124)
	at io.ktor.server.engine.BaseApplicationEngineKt$installDefaultTransformationChecker$1.invoke(BaseApplicationEngine.kt)
	at io.ktor.server.engine.BaseApplicationEngineKt$installDefaultTransformationChecker$1.invoke(BaseApplicationEngine.kt)
	at io.ktor.util.pipeline.DebugPipelineContext.proceedLoop(DebugPipelineContext.kt:80)
	at io.ktor.util.pipeline.DebugPipelineContext.proceed(DebugPipelineContext.kt:57)
	at io.ktor.util.pipeline.DebugPipelineContext.execute$ktor_utils(DebugPipelineContext.kt:63)
	at io.ktor.util.pipeline.Pipeline.execute(Pipeline.kt:77)
	at io.ktor.server.engine.DefaultEnginePipelineKt$defaultEnginePipeline$1$invokeSuspend$$inlined$execute$1.invokeSuspend(Pipeline.kt:478)
	at io.ktor.server.engine.DefaultEnginePipelineKt$defaultEnginePipeline$1$invokeSuspend$$inlined$execute$1.invoke(Pipeline.kt)
	at io.ktor.server.engine.DefaultEnginePipelineKt$defaultEnginePipeline$1$invokeSuspend$$inlined$execute$1.invoke(Pipeline.kt)
	at io.ktor.util.debug.ContextUtilsKt.initContextInDebugMode(ContextUtils.kt:17)
	at io.ktor.server.engine.DefaultEnginePipelineKt$defaultEnginePipeline$1.invokeSuspend(DefaultEnginePipeline.kt:123)
	at io.ktor.server.engine.DefaultEnginePipelineKt$defaultEnginePipeline$1.invoke(DefaultEnginePipeline.kt)
	at io.ktor.server.engine.DefaultEnginePipelineKt$defaultEnginePipeline$1.invoke(DefaultEnginePipeline.kt)
	at io.ktor.util.pipeline.DebugPipelineContext.proceedLoop(DebugPipelineContext.kt:80)
	at io.ktor.util.pipeline.DebugPipelineContext.proceed(DebugPipelineContext.kt:57)
	at io.ktor.util.pipeline.DebugPipelineContext.execute$ktor_utils(DebugPipelineContext.kt:63)
	at io.ktor.util.pipeline.Pipeline.execute(Pipeline.kt:77)
	at io.ktor.server.netty.NettyApplicationCallHandler$handleRequest$1$invokeSuspend$$inlined$execute$1.invokeSuspend(Pipeline.kt:478)
	at io.ktor.server.netty.NettyApplicationCallHandler$handleRequest$1$invokeSuspend$$inlined$execute$1.invoke(Pipeline.kt)
	at io.ktor.server.netty.NettyApplicationCallHandler$handleRequest$1$invokeSuspend$$inlined$execute$1.invoke(Pipeline.kt)
	at io.ktor.util.debug.ContextUtilsKt.initContextInDebugMode(ContextUtils.kt:17)
	at io.ktor.server.netty.NettyApplicationCallHandler$handleRequest$1.invokeSuspend(NettyApplicationCallHandler.kt:119)
	at io.ktor.server.netty.NettyApplicationCallHandler$handleRequest$1.invoke(NettyApplicationCallHandler.kt)
	at io.ktor.server.netty.NettyApplicationCallHandler$handleRequest$1.invoke(NettyApplicationCallHandler.kt)
	at kotlinx.coroutines.intrinsics.UndispatchedKt.startCoroutineUndispatched(Undispatched.kt:44)
	at kotlinx.coroutines.CoroutineStart.invoke(CoroutineStart.kt:112)
	at kotlinx.coroutines.AbstractCoroutine.start(AbstractCoroutine.kt:126)
	at kotlinx.coroutines.BuildersKt__Builders_commonKt.launch(Builders.common.kt:56)
	at kotlinx.coroutines.BuildersKt.launch(Unknown Source)
	at io.ktor.server.netty.NettyApplicationCallHandler.handleRequest(NettyApplicationCallHandler.kt:37)
	at io.ktor.server.netty.NettyApplicationCallHandler.channelRead(NettyApplicationCallHandler.kt:29)
	at io.netty.channel.AbstractChannelHandlerContext.invokeChannelRead(AbstractChannelHandlerContext.java:444)
	at io.netty.channel.AbstractChannelHandlerContext.access$600(AbstractChannelHandlerContext.java:61)
	at io.netty.channel.AbstractChannelHandlerContext$7.run(AbstractChannelHandlerContext.java:425)
	at io.netty.util.concurrent.AbstractEventExecutor.runTask(AbstractEventExecutor.java:174)
	at io.netty.util.concurrent.AbstractEventExecutor.safeExecute(AbstractEventExecutor.java:167)
	at io.netty.util.concurrent.SingleThreadEventExecutor.runAllTasks(SingleThreadEventExecutor.java:470)
	at io.netty.channel.nio.NioEventLoop.run(NioEventLoop.java:569)
	at io.netty.util.concurrent.SingleThreadEventExecutor$4.run(SingleThreadEventExecutor.java:997)
	at io.netty.util.internal.ThreadExecutorMap$2.run(ThreadExecutorMap.java:74)
	at io.ktor.server.netty.EventLoopGroupProxy$Companion.create$lambda$1$lambda$0(NettyApplicationEngine.kt:296)
	at io.netty.util.concurrent.FastThreadLocalRunnable.run(FastThreadLocalRunnable.java:30)
	at java.base/java.lang.Thread.run(Thread.java:840)
[2023-12-02 19:01:51,059]-[eventLoopGroupProxy-4-8] ERROR io.kvision.remote.KVServiceManager - For input string: "nullnull"
java.lang.NumberFormatException: For input string: "nullnull"
	at java.base/java.lang.NumberFormatException.forInputString(NumberFormatException.java:67)
	at java.base/java.lang.Integer.parseInt(Integer.java:668)
	at java.base/java.lang.Integer.parseInt(Integer.java:786)
	at com.riley.project.Day1.part1(Day1.kt:21)
	at com.riley.project.IDay$DefaultImpls.solve(IDay.kt:10)
	at com.riley.project.Day1.solve(Day1.kt:3)
	at com.riley.project.SolutionService.solve(Service.kt:11)
	at com.riley.project.SolutionServiceManager$1.invoke(SolutionService.kt:15)
	at com.riley.project.SolutionServiceManager$1.invoke(SolutionService.kt:15)
	at com.riley.project.SolutionServiceManager$special$$inlined$bind$1.invokeSuspend(KVServiceBinder.kt:113)
	at com.riley.project.SolutionServiceManager$special$$inlined$bind$1.invoke(KVServiceBinder.kt)
	at com.riley.project.SolutionServiceManager$special$$inlined$bind$1.invoke(KVServiceBinder.kt)
	at io.kvision.remote.KVServiceManager$createRequestHandler$1.invokeSuspend(KVServiceManager.kt:77)
	at io.kvision.remote.KVServiceManager$createRequestHandler$1.invoke(KVServiceManager.kt)
	at io.kvision.remote.KVServiceManager$createRequestHandler$1.invoke(KVServiceManager.kt)
	at io.ktor.server.routing.Route$buildPipeline$1$1.invokeSuspend(Route.kt:116)
	at io.ktor.server.routing.Route$buildPipeline$1$1.invoke(Route.kt)
	at io.ktor.server.routing.Route$buildPipeline$1$1.invoke(Route.kt)
	at io.ktor.util.pipeline.DebugPipelineContext.proceedLoop(DebugPipelineContext.kt:80)
	at io.ktor.util.pipeline.DebugPipelineContext.proceed(DebugPipelineContext.kt:57)
	at io.ktor.util.pipeline.DebugPipelineContext.execute$ktor_utils(DebugPipelineContext.kt:63)
	at io.ktor.util.pipeline.Pipeline.execute(Pipeline.kt:77)
	at io.ktor.server.routing.Routing$executeResult$$inlined$execute$1.invokeSuspend(Pipeline.kt:478)
	at io.ktor.server.routing.Routing$executeResult$$inlined$execute$1.invoke(Pipeline.kt)
	at io.ktor.server.routing.Routing$executeResult$$inlined$execute$1.invoke(Pipeline.kt)
	at io.ktor.util.debug.ContextUtilsKt.initContextInDebugMode(ContextUtils.kt:17)
	at io.ktor.server.routing.Routing.executeResult(Routing.kt:190)
	at io.ktor.server.routing.Routing.interceptor(Routing.kt:64)
	at io.ktor.server.routing.Routing$Plugin$install$1.invokeSuspend(Routing.kt:140)
	at io.ktor.server.routing.Routing$Plugin$install$1.invoke(Routing.kt)
	at io.ktor.server.routing.Routing$Plugin$install$1.invoke(Routing.kt)
	at io.ktor.util.pipeline.DebugPipelineContext.proceedLoop(DebugPipelineContext.kt:80)
	at io.ktor.util.pipeline.DebugPipelineContext.proceed(DebugPipelineContext.kt:57)
	at io.ktor.server.engine.BaseApplicationEngineKt$installDefaultTransformationChecker$1.invokeSuspend(BaseApplicationEngine.kt:124)
	at io.ktor.server.engine.BaseApplicationEngineKt$installDefaultTransformationChecker$1.invoke(BaseApplicationEngine.kt)
	at io.ktor.server.engine.BaseApplicationEngineKt$installDefaultTransformationChecker$1.invoke(BaseApplicationEngine.kt)
	at io.ktor.util.pipeline.DebugPipelineContext.proceedLoop(DebugPipelineContext.kt:80)
	at io.ktor.util.pipeline.DebugPipelineContext.proceed(DebugPipelineContext.kt:57)
	at io.ktor.util.pipeline.DebugPipelineContext.execute$ktor_utils(DebugPipelineContext.kt:63)
	at io.ktor.util.pipeline.Pipeline.execute(Pipeline.kt:77)
	at io.ktor.server.engine.DefaultEnginePipelineKt$defaultEnginePipeline$1$invokeSuspend$$inlined$execute$1.invokeSuspend(Pipeline.kt:478)
	at io.ktor.server.engine.DefaultEnginePipelineKt$defaultEnginePipeline$1$invokeSuspend$$inlined$execute$1.invoke(Pipeline.kt)
	at io.ktor.server.engine.DefaultEnginePipelineKt$defaultEnginePipeline$1$invokeSuspend$$inlined$execute$1.invoke(Pipeline.kt)
	at io.ktor.util.debug.ContextUtilsKt.initContextInDebugMode(ContextUtils.kt:17)
	at io.ktor.server.engine.DefaultEnginePipelineKt$defaultEnginePipeline$1.invokeSuspend(DefaultEnginePipeline.kt:123)
	at io.ktor.server.engine.DefaultEnginePipelineKt$defaultEnginePipeline$1.invoke(DefaultEnginePipeline.kt)
	at io.ktor.server.engine.DefaultEnginePipelineKt$defaultEnginePipeline$1.invoke(DefaultEnginePipeline.kt)
	at io.ktor.util.pipeline.DebugPipelineContext.proceedLoop(DebugPipelineContext.kt:80)
	at io.ktor.util.pipeline.DebugPipelineContext.proceed(DebugPipelineContext.kt:57)
	at io.ktor.util.pipeline.DebugPipelineContext.execute$ktor_utils(DebugPipelineContext.kt:63)
	at io.ktor.util.pipeline.Pipeline.execute(Pipeline.kt:77)
	at io.ktor.server.netty.NettyApplicationCallHandler$handleRequest$1$invokeSuspend$$inlined$execute$1.invokeSuspend(Pipeline.kt:478)
	at io.ktor.server.netty.NettyApplicationCallHandler$handleRequest$1$invokeSuspend$$inlined$execute$1.invoke(Pipeline.kt)
	at io.ktor.server.netty.NettyApplicationCallHandler$handleRequest$1$invokeSuspend$$inlined$execute$1.invoke(Pipeline.kt)
	at io.ktor.util.debug.ContextUtilsKt.initContextInDebugMode(ContextUtils.kt:17)
	at io.ktor.server.netty.NettyApplicationCallHandler$handleRequest$1.invokeSuspend(NettyApplicationCallHandler.kt:119)
	at io.ktor.server.netty.NettyApplicationCallHandler$handleRequest$1.invoke(NettyApplicationCallHandler.kt)
	at io.ktor.server.netty.NettyApplicationCallHandler$handleRequest$1.invoke(NettyApplicationCallHandler.kt)
	at kotlinx.coroutines.intrinsics.UndispatchedKt.startCoroutineUndispatched(Undispatched.kt:44)
	at kotlinx.coroutines.CoroutineStart.invoke(CoroutineStart.kt:112)
	at kotlinx.coroutines.AbstractCoroutine.start(AbstractCoroutine.kt:126)
	at kotlinx.coroutines.BuildersKt__Builders_commonKt.launch(Builders.common.kt:56)
	at kotlinx.coroutines.BuildersKt.launch(Unknown Source)
	at io.ktor.server.netty.NettyApplicationCallHandler.handleRequest(NettyApplicationCallHandler.kt:37)
	at io.ktor.server.netty.NettyApplicationCallHandler.channelRead(NettyApplicationCallHandler.kt:29)
	at io.netty.channel.AbstractChannelHandlerContext.invokeChannelRead(AbstractChannelHandlerContext.java:444)
	at io.netty.channel.AbstractChannelHandlerContext.access$600(AbstractChannelHandlerContext.java:61)
	at io.netty.channel.AbstractChannelHandlerContext$7.run(AbstractChannelHandlerContext.java:425)
	at io.netty.util.concurrent.AbstractEventExecutor.runTask(AbstractEventExecutor.java:174)
	at io.netty.util.concurrent.AbstractEventExecutor.safeExecute(AbstractEventExecutor.java:167)
	at io.netty.util.concurrent.SingleThreadEventExecutor.runAllTasks(SingleThreadEventExecutor.java:470)
	at io.netty.channel.nio.NioEventLoop.run(NioEventLoop.java:569)
	at io.netty.util.concurrent.SingleThreadEventExecutor$4.run(SingleThreadEventExecutor.java:997)
	at io.netty.util.internal.ThreadExecutorMap$2.run(ThreadExecutorMap.java:74)
	at io.ktor.server.netty.EventLoopGroupProxy$Companion.create$lambda$1$lambda$0(NettyApplicationEngine.kt:296)
	at io.netty.util.concurrent.FastThreadLocalRunnable.run(FastThreadLocalRunnable.java:30)
	at java.base/java.lang.Thread.run(Thread.java:840)
[2023-12-02 19:02:48,598]-[eventLoopGroupProxy-3-2] INFO  Application - Changes in application detected.
[2023-12-02 19:02:49,401]-[eventLoopGroupProxy-3-2] INFO  [Koin] - Koin started with 4 definitions in 0.078111 ms
[2023-12-02 19:02:49,403]-[eventLoopGroupProxy-3-2] INFO  Application - Application auto-reloaded in 0.133 seconds.
[2023-12-02 19:02:49,405]-[eventLoopGroupProxy-4-9] INFO  [Koin] - | Scope 'q:'org.koin.ktor.plugin.RequestScope'' not defined. Creating it ...
[2023-12-02 19:02:49,436]-[eventLoopGroupProxy-4-9] ERROR io.kvision.remote.KVServiceManager - For input string: "nullnull"
java.lang.NumberFormatException: For input string: "nullnull"
	at java.base/java.lang.NumberFormatException.forInputString(NumberFormatException.java:67)
	at java.base/java.lang.Integer.parseInt(Integer.java:668)
	at java.base/java.lang.Integer.parseInt(Integer.java:786)
	at com.riley.project.Day1.part1(Day1.kt:21)
	at com.riley.project.IDay$DefaultImpls.solve(IDay.kt:10)
	at com.riley.project.Day1.solve(Day1.kt:3)
	at com.riley.project.SolutionService.solve(Service.kt:11)
	at com.riley.project.SolutionServiceManager$1.invoke(SolutionService.kt:15)
	at com.riley.project.SolutionServiceManager$1.invoke(SolutionService.kt:15)
	at com.riley.project.SolutionServiceManager$special$$inlined$bind$1.invokeSuspend(KVServiceBinder.kt:113)
	at com.riley.project.SolutionServiceManager$special$$inlined$bind$1.invoke(KVServiceBinder.kt)
	at com.riley.project.SolutionServiceManager$special$$inlined$bind$1.invoke(KVServiceBinder.kt)
	at io.kvision.remote.KVServiceManager$createRequestHandler$1.invokeSuspend(KVServiceManager.kt:77)
	at io.kvision.remote.KVServiceManager$createRequestHandler$1.invoke(KVServiceManager.kt)
	at io.kvision.remote.KVServiceManager$createRequestHandler$1.invoke(KVServiceManager.kt)
	at io.ktor.server.routing.Route$buildPipeline$1$1.invokeSuspend(Route.kt:116)
	at io.ktor.server.routing.Route$buildPipeline$1$1.invoke(Route.kt)
	at io.ktor.server.routing.Route$buildPipeline$1$1.invoke(Route.kt)
	at io.ktor.util.pipeline.DebugPipelineContext.proceedLoop(DebugPipelineContext.kt:80)
	at io.ktor.util.pipeline.DebugPipelineContext.proceed(DebugPipelineContext.kt:57)
	at io.ktor.util.pipeline.DebugPipelineContext.execute$ktor_utils(DebugPipelineContext.kt:63)
	at io.ktor.util.pipeline.Pipeline.execute(Pipeline.kt:77)
	at io.ktor.server.routing.Routing$executeResult$$inlined$execute$1.invokeSuspend(Pipeline.kt:478)
	at io.ktor.server.routing.Routing$executeResult$$inlined$execute$1.invoke(Pipeline.kt)
	at io.ktor.server.routing.Routing$executeResult$$inlined$execute$1.invoke(Pipeline.kt)
	at io.ktor.util.debug.ContextUtilsKt.initContextInDebugMode(ContextUtils.kt:17)
	at io.ktor.server.routing.Routing.executeResult(Routing.kt:190)
	at io.ktor.server.routing.Routing.interceptor(Routing.kt:64)
	at io.ktor.server.routing.Routing$Plugin$install$1.invokeSuspend(Routing.kt:140)
	at io.ktor.server.routing.Routing$Plugin$install$1.invoke(Routing.kt)
	at io.ktor.server.routing.Routing$Plugin$install$1.invoke(Routing.kt)
	at io.ktor.util.pipeline.DebugPipelineContext.proceedLoop(DebugPipelineContext.kt:80)
	at io.ktor.util.pipeline.DebugPipelineContext.proceed(DebugPipelineContext.kt:57)
	at io.ktor.server.engine.BaseApplicationEngineKt$installDefaultTransformationChecker$1.invokeSuspend(BaseApplicationEngine.kt:124)
	at io.ktor.server.engine.BaseApplicationEngineKt$installDefaultTransformationChecker$1.invoke(BaseApplicationEngine.kt)
	at io.ktor.server.engine.BaseApplicationEngineKt$installDefaultTransformationChecker$1.invoke(BaseApplicationEngine.kt)
	at io.ktor.util.pipeline.DebugPipelineContext.proceedLoop(DebugPipelineContext.kt:80)
	at io.ktor.util.pipeline.DebugPipelineContext.proceed(DebugPipelineContext.kt:57)
	at io.ktor.util.pipeline.DebugPipelineContext.execute$ktor_utils(DebugPipelineContext.kt:63)
	at io.ktor.util.pipeline.Pipeline.execute(Pipeline.kt:77)
	at io.ktor.server.engine.DefaultEnginePipelineKt$defaultEnginePipeline$1$invokeSuspend$$inlined$execute$1.invokeSuspend(Pipeline.kt:478)
	at io.ktor.server.engine.DefaultEnginePipelineKt$defaultEnginePipeline$1$invokeSuspend$$inlined$execute$1.invoke(Pipeline.kt)
	at io.ktor.server.engine.DefaultEnginePipelineKt$defaultEnginePipeline$1$invokeSuspend$$inlined$execute$1.invoke(Pipeline.kt)
	at io.ktor.util.debug.ContextUtilsKt.initContextInDebugMode(ContextUtils.kt:17)
	at io.ktor.server.engine.DefaultEnginePipelineKt$defaultEnginePipeline$1.invokeSuspend(DefaultEnginePipeline.kt:123)
	at io.ktor.server.engine.DefaultEnginePipelineKt$defaultEnginePipeline$1.invoke(DefaultEnginePipeline.kt)
	at io.ktor.server.engine.DefaultEnginePipelineKt$defaultEnginePipeline$1.invoke(DefaultEnginePipeline.kt)
	at io.ktor.util.pipeline.DebugPipelineContext.proceedLoop(DebugPipelineContext.kt:80)
	at io.ktor.util.pipeline.DebugPipelineContext.proceed(DebugPipelineContext.kt:57)
	at io.ktor.util.pipeline.DebugPipelineContext.execute$ktor_utils(DebugPipelineContext.kt:63)
	at io.ktor.util.pipeline.Pipeline.execute(Pipeline.kt:77)
	at io.ktor.server.netty.NettyApplicationCallHandler$handleRequest$1$invokeSuspend$$inlined$execute$1.invokeSuspend(Pipeline.kt:478)
	at io.ktor.server.netty.NettyApplicationCallHandler$handleRequest$1$invokeSuspend$$inlined$execute$1.invoke(Pipeline.kt)
	at io.ktor.server.netty.NettyApplicationCallHandler$handleRequest$1$invokeSuspend$$inlined$execute$1.invoke(Pipeline.kt)
	at io.ktor.util.debug.ContextUtilsKt.initContextInDebugMode(ContextUtils.kt:17)
	at io.ktor.server.netty.NettyApplicationCallHandler$handleRequest$1.invokeSuspend(NettyApplicationCallHandler.kt:119)
	at io.ktor.server.netty.NettyApplicationCallHandler$handleRequest$1.invoke(NettyApplicationCallHandler.kt)
	at io.ktor.server.netty.NettyApplicationCallHandler$handleRequest$1.invoke(NettyApplicationCallHandler.kt)
	at kotlinx.coroutines.intrinsics.UndispatchedKt.startCoroutineUndispatched(Undispatched.kt:44)
	at kotlinx.coroutines.CoroutineStart.invoke(CoroutineStart.kt:112)
	at kotlinx.coroutines.AbstractCoroutine.start(AbstractCoroutine.kt:126)
	at kotlinx.coroutines.BuildersKt__Builders_commonKt.launch(Builders.common.kt:56)
	at kotlinx.coroutines.BuildersKt.launch(Unknown Source)
	at io.ktor.server.netty.NettyApplicationCallHandler.handleRequest(NettyApplicationCallHandler.kt:37)
	at io.ktor.server.netty.NettyApplicationCallHandler.channelRead(NettyApplicationCallHandler.kt:29)
	at io.netty.channel.AbstractChannelHandlerContext.invokeChannelRead(AbstractChannelHandlerContext.java:444)
	at io.netty.channel.AbstractChannelHandlerContext.access$600(AbstractChannelHandlerContext.java:61)
	at io.netty.channel.AbstractChannelHandlerContext$7.run(AbstractChannelHandlerContext.java:425)
	at io.netty.util.concurrent.AbstractEventExecutor.runTask(AbstractEventExecutor.java:174)
	at io.netty.util.concurrent.AbstractEventExecutor.safeExecute(AbstractEventExecutor.java:167)
	at io.netty.util.concurrent.SingleThreadEventExecutor.runAllTasks(SingleThreadEventExecutor.java:470)
	at io.netty.channel.nio.NioEventLoop.run(NioEventLoop.java:569)
	at io.netty.util.concurrent.SingleThreadEventExecutor$4.run(SingleThreadEventExecutor.java:997)
	at io.netty.util.internal.ThreadExecutorMap$2.run(ThreadExecutorMap.java:74)
	at io.ktor.server.netty.EventLoopGroupProxy$Companion.create$lambda$1$lambda$0(NettyApplicationEngine.kt:296)
	at io.netty.util.concurrent.FastThreadLocalRunnable.run(FastThreadLocalRunnable.java:30)
	at java.base/java.lang.Thread.run(Thread.java:840)
[2023-12-02 19:03:17,853]-[eventLoopGroupProxy-4-10] ERROR io.kvision.remote.KVServiceManager - For input string: "nullnull"
java.lang.NumberFormatException: For input string: "nullnull"
	at java.base/java.lang.NumberFormatException.forInputString(NumberFormatException.java:67)
	at java.base/java.lang.Integer.parseInt(Integer.java:668)
	at java.base/java.lang.Integer.parseInt(Integer.java:786)
	at com.riley.project.Day1.part1(Day1.kt:21)
	at com.riley.project.IDay$DefaultImpls.solve(IDay.kt:10)
	at com.riley.project.Day1.solve(Day1.kt:3)
	at com.riley.project.SolutionService.solve(Service.kt:11)
	at com.riley.project.SolutionServiceManager$1.invoke(SolutionService.kt:15)
	at com.riley.project.SolutionServiceManager$1.invoke(SolutionService.kt:15)
	at com.riley.project.SolutionServiceManager$special$$inlined$bind$1.invokeSuspend(KVServiceBinder.kt:113)
	at com.riley.project.SolutionServiceManager$special$$inlined$bind$1.invoke(KVServiceBinder.kt)
	at com.riley.project.SolutionServiceManager$special$$inlined$bind$1.invoke(KVServiceBinder.kt)
	at io.kvision.remote.KVServiceManager$createRequestHandler$1.invokeSuspend(KVServiceManager.kt:77)
	at io.kvision.remote.KVServiceManager$createRequestHandler$1.invoke(KVServiceManager.kt)
	at io.kvision.remote.KVServiceManager$createRequestHandler$1.invoke(KVServiceManager.kt)
	at io.ktor.server.routing.Route$buildPipeline$1$1.invokeSuspend(Route.kt:116)
	at io.ktor.server.routing.Route$buildPipeline$1$1.invoke(Route.kt)
	at io.ktor.server.routing.Route$buildPipeline$1$1.invoke(Route.kt)
	at io.ktor.util.pipeline.DebugPipelineContext.proceedLoop(DebugPipelineContext.kt:80)
	at io.ktor.util.pipeline.DebugPipelineContext.proceed(DebugPipelineContext.kt:57)
	at io.ktor.util.pipeline.DebugPipelineContext.execute$ktor_utils(DebugPipelineContext.kt:63)
	at io.ktor.util.pipeline.Pipeline.execute(Pipeline.kt:77)
	at io.ktor.server.routing.Routing$executeResult$$inlined$execute$1.invokeSuspend(Pipeline.kt:478)
	at io.ktor.server.routing.Routing$executeResult$$inlined$execute$1.invoke(Pipeline.kt)
	at io.ktor.server.routing.Routing$executeResult$$inlined$execute$1.invoke(Pipeline.kt)
	at io.ktor.util.debug.ContextUtilsKt.initContextInDebugMode(ContextUtils.kt:17)
	at io.ktor.server.routing.Routing.executeResult(Routing.kt:190)
	at io.ktor.server.routing.Routing.interceptor(Routing.kt:64)
	at io.ktor.server.routing.Routing$Plugin$install$1.invokeSuspend(Routing.kt:140)
	at io.ktor.server.routing.Routing$Plugin$install$1.invoke(Routing.kt)
	at io.ktor.server.routing.Routing$Plugin$install$1.invoke(Routing.kt)
	at io.ktor.util.pipeline.DebugPipelineContext.proceedLoop(DebugPipelineContext.kt:80)
	at io.ktor.util.pipeline.DebugPipelineContext.proceed(DebugPipelineContext.kt:57)
	at io.ktor.server.engine.BaseApplicationEngineKt$installDefaultTransformationChecker$1.invokeSuspend(BaseApplicationEngine.kt:124)
	at io.ktor.server.engine.BaseApplicationEngineKt$installDefaultTransformationChecker$1.invoke(BaseApplicationEngine.kt)
	at io.ktor.server.engine.BaseApplicationEngineKt$installDefaultTransformationChecker$1.invoke(BaseApplicationEngine.kt)
	at io.ktor.util.pipeline.DebugPipelineContext.proceedLoop(DebugPipelineContext.kt:80)
	at io.ktor.util.pipeline.DebugPipelineContext.proceed(DebugPipelineContext.kt:57)
	at io.ktor.util.pipeline.DebugPipelineContext.execute$ktor_utils(DebugPipelineContext.kt:63)
	at io.ktor.util.pipeline.Pipeline.execute(Pipeline.kt:77)
	at io.ktor.server.engine.DefaultEnginePipelineKt$defaultEnginePipeline$1$invokeSuspend$$inlined$execute$1.invokeSuspend(Pipeline.kt:478)
	at io.ktor.server.engine.DefaultEnginePipelineKt$defaultEnginePipeline$1$invokeSuspend$$inlined$execute$1.invoke(Pipeline.kt)
	at io.ktor.server.engine.DefaultEnginePipelineKt$defaultEnginePipeline$1$invokeSuspend$$inlined$execute$1.invoke(Pipeline.kt)
	at io.ktor.util.debug.ContextUtilsKt.initContextInDebugMode(ContextUtils.kt:17)
	at io.ktor.server.engine.DefaultEnginePipelineKt$defaultEnginePipeline$1.invokeSuspend(DefaultEnginePipeline.kt:123)
	at io.ktor.server.engine.DefaultEnginePipelineKt$defaultEnginePipeline$1.invoke(DefaultEnginePipeline.kt)
	at io.ktor.server.engine.DefaultEnginePipelineKt$defaultEnginePipeline$1.invoke(DefaultEnginePipeline.kt)
	at io.ktor.util.pipeline.DebugPipelineContext.proceedLoop(DebugPipelineContext.kt:80)
	at io.ktor.util.pipeline.DebugPipelineContext.proceed(DebugPipelineContext.kt:57)
	at io.ktor.util.pipeline.DebugPipelineContext.execute$ktor_utils(DebugPipelineContext.kt:63)
	at io.ktor.util.pipeline.Pipeline.execute(Pipeline.kt:77)
	at io.ktor.server.netty.NettyApplicationCallHandler$handleRequest$1$invokeSuspend$$inlined$execute$1.invokeSuspend(Pipeline.kt:478)
	at io.ktor.server.netty.NettyApplicationCallHandler$handleRequest$1$invokeSuspend$$inlined$execute$1.invoke(Pipeline.kt)
	at io.ktor.server.netty.NettyApplicationCallHandler$handleRequest$1$invokeSuspend$$inlined$execute$1.invoke(Pipeline.kt)
	at io.ktor.util.debug.ContextUtilsKt.initContextInDebugMode(ContextUtils.kt:17)
	at io.ktor.server.netty.NettyApplicationCallHandler$handleRequest$1.invokeSuspend(NettyApplicationCallHandler.kt:119)
	at io.ktor.server.netty.NettyApplicationCallHandler$handleRequest$1.invoke(NettyApplicationCallHandler.kt)
	at io.ktor.server.netty.NettyApplicationCallHandler$handleRequest$1.invoke(NettyApplicationCallHandler.kt)
	at kotlinx.coroutines.intrinsics.UndispatchedKt.startCoroutineUndispatched(Undispatched.kt:44)
	at kotlinx.coroutines.CoroutineStart.invoke(CoroutineStart.kt:112)
	at kotlinx.coroutines.AbstractCoroutine.start(AbstractCoroutine.kt:126)
	at kotlinx.coroutines.BuildersKt__Builders_commonKt.launch(Builders.common.kt:56)
	at kotlinx.coroutines.BuildersKt.launch(Unknown Source)
	at io.ktor.server.netty.NettyApplicationCallHandler.handleRequest(NettyApplicationCallHandler.kt:37)
	at io.ktor.server.netty.NettyApplicationCallHandler.channelRead(NettyApplicationCallHandler.kt:29)
	at io.netty.channel.AbstractChannelHandlerContext.invokeChannelRead(AbstractChannelHandlerContext.java:444)
	at io.netty.channel.AbstractChannelHandlerContext.access$600(AbstractChannelHandlerContext.java:61)
	at io.netty.channel.AbstractChannelHandlerContext$7.run(AbstractChannelHandlerContext.java:425)
	at io.netty.util.concurrent.AbstractEventExecutor.runTask(AbstractEventExecutor.java:174)
	at io.netty.util.concurrent.AbstractEventExecutor.safeExecute(AbstractEventExecutor.java:167)
	at io.netty.util.concurrent.SingleThreadEventExecutor.runAllTasks(SingleThreadEventExecutor.java:470)
	at io.netty.channel.nio.NioEventLoop.run(NioEventLoop.java:569)
	at io.netty.util.concurrent.SingleThreadEventExecutor$4.run(SingleThreadEventExecutor.java:997)
	at io.netty.util.internal.ThreadExecutorMap$2.run(ThreadExecutorMap.java:74)
	at io.ktor.server.netty.EventLoopGroupProxy$Companion.create$lambda$1$lambda$0(NettyApplicationEngine.kt:296)
	at io.netty.util.concurrent.FastThreadLocalRunnable.run(FastThreadLocalRunnable.java:30)
	at java.base/java.lang.Thread.run(Thread.java:840)
[2023-12-02 19:04:04,977]-[main] INFO  [Koin] - Koin started with 4 definitions in 1.069531 ms
[2023-12-02 19:04:04,982]-[main] INFO  Application - Application started in 0.875 seconds.
[2023-12-02 19:04:05,294]-[main] INFO  Application - Responding at http://0.0.0.0:8080
[2023-12-02 19:04:09,677]-[eventLoopGroupProxy-4-1] INFO  [Koin] - | Scope 'q:'org.koin.ktor.plugin.RequestScope'' not defined. Creating it ...
[2023-12-02 19:05:38,517]-[main] INFO  [Koin] - Koin started with 4 definitions in 0.795754 ms
[2023-12-02 19:05:38,523]-[main] INFO  Application - Application started in 0.681 seconds.
[2023-12-02 19:05:38,785]-[main] INFO  Application - Responding at http://0.0.0.0:8080
[2023-12-02 19:05:44,684]-[eventLoopGroupProxy-4-1] INFO  [Koin] - | Scope 'q:'org.koin.ktor.plugin.RequestScope'' not defined. Creating it ...
[2023-12-02 19:08:10,368]-[main] INFO  [Koin] - Koin started with 4 definitions in 0.980498 ms
[2023-12-02 19:08:10,371]-[main] INFO  Application - Application started in 0.656 seconds.
[2023-12-02 19:08:10,702]-[main] INFO  Application - Responding at http://0.0.0.0:8080
[2023-12-02 19:08:16,947]-[eventLoopGroupProxy-4-1] INFO  [Koin] - | Scope 'q:'org.koin.ktor.plugin.RequestScope'' not defined. Creating it ...
[2023-12-02 19:09:11,903]-[main] INFO  [Koin] - Koin started with 4 definitions in 0.71251 ms
[2023-12-02 19:09:11,907]-[main] INFO  Application - Application started in 0.635 seconds.
[2023-12-02 19:09:12,166]-[main] INFO  Application - Responding at http://0.0.0.0:8080
[2023-12-02 19:09:16,565]-[eventLoopGroupProxy-4-1] INFO  [Koin] - | Scope 'q:'org.koin.ktor.plugin.RequestScope'' not defined. Creating it ...
[2023-12-02 19:10:05,317]-[main] INFO  [Koin] - Koin started with 4 definitions in 0.696826 ms
[2023-12-02 19:10:05,321]-[main] INFO  Application - Application started in 0.621 seconds.
[2023-12-02 19:10:05,565]-[main] INFO  Application - Responding at http://0.0.0.0:8080
[2023-12-02 19:10:08,727]-[eventLoopGroupProxy-4-1] INFO  [Koin] - | Scope 'q:'org.koin.ktor.plugin.RequestScope'' not defined. Creating it ...
[2023-12-02 19:11:19,080]-[main] INFO  [Koin] - Koin started with 4 definitions in 0.833449 ms
[2023-12-02 19:11:19,084]-[main] INFO  Application - Application started in 0.689 seconds.
[2023-12-02 19:11:19,435]-[main] INFO  Application - Responding at http://0.0.0.0:8080
[2023-12-02 19:11:24,603]-[eventLoopGroupProxy-4-1] INFO  [Koin] - | Scope 'q:'org.koin.ktor.plugin.RequestScope'' not defined. Creating it ...
[2023-12-02 19:11:55,780]-[main] INFO  [Koin] - Koin started with 4 definitions in 0.637112 ms
[2023-12-02 19:11:55,786]-[main] INFO  Application - Application started in 0.716 seconds.
[2023-12-02 19:11:56,077]-[main] INFO  Application - Responding at http://0.0.0.0:8080
[2023-12-02 19:12:02,177]-[eventLoopGroupProxy-4-1] INFO  [Koin] - | Scope 'q:'org.koin.ktor.plugin.RequestScope'' not defined. Creating it ...
[2023-12-02 19:14:46,906]-[main] INFO  [Koin] - Koin started with 4 definitions in 1.093318 ms
[2023-12-02 19:14:46,910]-[main] INFO  Application - Application started in 0.61 seconds.
[2023-12-02 19:14:47,166]-[main] INFO  Application - Responding at http://0.0.0.0:8080
[2023-12-02 19:14:52,177]-[eventLoopGroupProxy-4-1] INFO  [Koin] - | Scope 'q:'org.koin.ktor.plugin.RequestScope'' not defined. Creating it ...
[2023-12-02 19:16:01,243]-[main] INFO  [Koin] - Koin started with 4 definitions in 0.726262 ms
[2023-12-02 19:16:01,247]-[main] INFO  Application - Application started in 0.72 seconds.
[2023-12-02 19:16:01,485]-[main] INFO  Application - Responding at http://0.0.0.0:8080
[2023-12-02 19:16:05,255]-[eventLoopGroupProxy-4-1] INFO  [Koin] - | Scope 'q:'org.koin.ktor.plugin.RequestScope'' not defined. Creating it ...
[2023-12-02 19:16:26,545]-[main] INFO  [Koin] - Koin started with 4 definitions in 0.704486 ms
[2023-12-02 19:16:26,548]-[main] INFO  Application - Application started in 0.571 seconds.
[2023-12-02 19:16:26,766]-[main] INFO  Application - Responding at http://0.0.0.0:8080
[2023-12-02 19:16:35,074]-[eventLoopGroupProxy-4-1] INFO  [Koin] - | Scope 'q:'org.koin.ktor.plugin.RequestScope'' not defined. Creating it ...
[2023-12-02 19:17:47,343]-[main] INFO  [Koin] - Koin started with 4 definitions in 1.869457 ms
[2023-12-02 19:17:47,351]-[main] INFO  Application - Application started in 1.398 seconds.
[2023-12-02 19:17:47,800]-[main] INFO  Application - Responding at http://0.0.0.0:8080
[2023-12-02 19:17:51,720]-[eventLoopGroupProxy-4-1] INFO  [Koin] - | Scope 'q:'org.koin.ktor.plugin.RequestScope'' not defined. Creating it ...
[2023-12-02 19:18:24,636]-[main] INFO  [Koin] - Koin started with 4 definitions in 1.039238 ms
[2023-12-02 19:18:24,642]-[main] INFO  Application - Application started in 0.988 seconds.
[2023-12-02 19:18:24,928]-[main] INFO  Application - Responding at http://0.0.0.0:8080
[2023-12-02 19:18:28,314]-[eventLoopGroupProxy-4-1] INFO  [Koin] - | Scope 'q:'org.koin.ktor.plugin.RequestScope'' not defined. Creating it ...
[2023-12-02 19:20:26,196]-[main] INFO  [Koin] - Koin started with 4 definitions in 0.797429 ms
[2023-12-02 19:20:26,200]-[main] INFO  Application - Application started in 0.645 seconds.
[2023-12-02 19:20:26,403]-[main] INFO  Application - Responding at http://0.0.0.0:8080
[2023-12-02 19:20:29,603]-[eventLoopGroupProxy-4-1] INFO  [Koin] - | Scope 'q:'org.koin.ktor.plugin.RequestScope'' not defined. Creating it ...
[2023-12-02 19:59:31,694]-[main] INFO  [Koin] - Koin started with 4 definitions in 0.632528 ms
[2023-12-02 19:59:31,698]-[main] INFO  Application - Application started in 0.828 seconds.
[2023-12-02 19:59:31,992]-[main] INFO  Application - Responding at http://0.0.0.0:8080
[2023-12-02 19:59:44,813]-[eventLoopGroupProxy-4-1] INFO  [Koin] - | Scope 'q:'org.koin.ktor.plugin.RequestScope'' not defined. Creating it ...
[2023-12-02 20:06:13,625]-[main] INFO  [Koin] - Koin started with 4 definitions in 0.934627 ms
[2023-12-02 20:06:13,631]-[main] INFO  Application - Application started in 0.728 seconds.
[2023-12-02 20:06:13,894]-[main] INFO  Application - Responding at http://0.0.0.0:8080
[2023-12-02 20:06:16,819]-[eventLoopGroupProxy-4-1] INFO  [Koin] - | Scope 'q:'org.koin.ktor.plugin.RequestScope'' not defined. Creating it ...
[2023-12-02 20:07:42,008]-[main] INFO  [Koin] - Koin started with 4 definitions in 1.078058 ms
[2023-12-02 20:07:42,014]-[main] INFO  Application - Application started in 0.874 seconds.
[2023-12-02 20:07:42,274]-[main] INFO  Application - Responding at http://0.0.0.0:8080
[2023-12-02 20:07:56,632]-[eventLoopGroupProxy-4-1] INFO  [Koin] - | Scope 'q:'org.koin.ktor.plugin.RequestScope'' not defined. Creating it ...
[2023-12-02 20:09:04,717]-[main] INFO  [Koin] - Koin started with 4 definitions in 0.647052 ms
[2023-12-02 20:09:04,722]-[main] INFO  Application - Application started in 0.731 seconds.
[2023-12-02 20:09:04,948]-[main] INFO  Application - Responding at http://0.0.0.0:8080
[2023-12-02 20:09:10,477]-[eventLoopGroupProxy-4-1] INFO  [Koin] - | Scope 'q:'org.koin.ktor.plugin.RequestScope'' not defined. Creating it ...
[2023-12-02 20:10:01,267]-[main] INFO  [Koin] - Koin started with 4 definitions in 1.163113 ms
[2023-12-02 20:10:01,271]-[main] INFO  Application - Application started in 0.878 seconds.
[2023-12-02 20:10:01,576]-[main] INFO  Application - Responding at http://0.0.0.0:8080
[2023-12-02 20:10:05,678]-[eventLoopGroupProxy-4-1] INFO  [Koin] - | Scope 'q:'org.koin.ktor.plugin.RequestScope'' not defined. Creating it ...
[2023-12-02 20:11:00,517]-[main] INFO  [Koin] - Koin started with 4 definitions in 1.062366 ms
[2023-12-02 20:11:00,523]-[main] INFO  Application - Application started in 0.822 seconds.
[2023-12-02 20:11:00,894]-[main] INFO  Application - Responding at http://0.0.0.0:8080
[2023-12-02 20:11:07,518]-[eventLoopGroupProxy-4-1] INFO  [Koin] - | Scope 'q:'org.koin.ktor.plugin.RequestScope'' not defined. Creating it ...
